<!DOCTYPE html PUBLIC "-//W3C//DTD XHTML 1.1//EN" "https://www.w3.org/TR/xhtml11/DTD/xhtml11.dtd">
<html xmlns="https://www.w3.org/1999/xhtml">
<head>
<meta http-equiv="content-type" content="text/html; charset=UTF-8"/>
<title>TestNG Report</title>
<style type="text/css">table {margin-bottom:10px;border-collapse:collapse;empty-cells:show}th,td {border:1px solid #009;padding:.25em .5em}th {vertical-align:bottom}td {vertical-align:top}table a {font-weight:bold}.stripe td {background-color: #E6EBF9}.num {text-align:right}.passedodd td {background-color: #3F3}.passedeven td {background-color: #0A0}.skippedodd td {background-color: #DDD}.skippedeven td {background-color: #CCC}.failedodd td,.attn {background-color: #F33}.failedeven td,.stripe .attn {background-color: #D00}.stacktrace {white-space:pre;font-family:monospace}.totop {font-size:85%;text-align:center;border-bottom:2px solid #000}.invisible {display:none}</style>
</head>
<body>
<table>
<tr><th>Test</th><th># Passed</th><th># Skipped</th><th># Retried</th><th># Failed</th><th>Time (ms)</th><th>Included Groups</th><th>Excluded Groups</th></tr>
<tr><th colspan="8">Main Test Suite</th></tr>
<tr><td><a href="#t0">Extent Report Test</a></td><td class="num">16</td><td class="num">0</td><td class="num">0</td><td class="num attn">2</td><td class="num">228,156</td><td></td><td></td></tr>
</table>
<table id='summary'><thead><tr><th>Class</th><th>Method</th><th>Start</th><th>Time (ms)</th></tr></thead><tbody><tr><th colspan="4">Main Test Suite</th></tr></tbody><tbody id="t0"><tr><th colspan="4">Extent Report Test &#8212; failed</th></tr><tr class="failedeven"><td rowspan="2">Framework.test.Webtables_test</td><td><a href="#m0">Webtables_test_fourth</a></td><td rowspan="1">1711504633310</td><td rowspan="1">382</td></tr><tr class="failedeven"><td><a href="#m1">Webtables_test_sixth</a></td><td rowspan="1">1711504643559</td><td rowspan="1">342</td></tr><tr><th colspan="4">Extent Report Test &#8212; passed</th></tr><tr class="passedeven"><td rowspan="3">Framework.test.Webtables_test</td><td><a href="#m2">Webtables_test_fifth</a></td><td rowspan="1">1711504634119</td><td rowspan="1">9431</td></tr><tr class="passedeven"><td><a href="#m3">Webtables_test_seventh</a></td><td rowspan="1">1711504644218</td><td rowspan="1">4188</td></tr><tr class="passedeven"><td><a href="#m4">Webtables_test_third</a></td><td rowspan="1">1711504611740</td><td rowspan="1">21561</td></tr><tr class="passedodd"><td rowspan="3">Framework.test.butt_test</td><td><a href="#m5">butt_test_fifth</a></td><td rowspan="1">1711504669076</td><td rowspan="1">1442</td></tr><tr class="passedodd"><td><a href="#m6">butt_test_fourth</a></td><td rowspan="1">1711504668977</td><td rowspan="1">92</td></tr><tr class="passedodd"><td><a href="#m7">butt_test_third</a></td><td rowspan="1">1711504665523</td><td rowspan="1">3443</td></tr><tr class="passedeven"><td rowspan="1">Framework.test.checkBoxs_test</td><td><a href="#m8">checkbox_test_third</a></td><td rowspan="1">1711504569387</td><td rowspan="1">4494</td></tr><tr class="passedodd"><td rowspan="1">Framework.test.practice_form_test</td><td><a href="#m9">practice_form_test_third</a></td><td rowspan="1">1711504744475</td><td rowspan="1">11993</td></tr><tr class="passedeven"><td rowspan="4">Framework.test.radio_butt_test</td><td><a href="#m10">radio_butt_test_fifth</a></td><td rowspan="1">1711504600968</td><td rowspan="1">2442</td></tr><tr class="passedeven"><td><a href="#m11">radio_butt_test_fourth</a></td><td rowspan="1">1711504600789</td><td rowspan="1">172</td></tr><tr class="passedeven"><td><a href="#m12">radio_butt_test_six</a></td><td rowspan="1">1711504603416</td><td rowspan="1">148</td></tr><tr class="passedeven"><td><a href="#m13">radio_butt_test_third</a></td><td rowspan="1">1711504595889</td><td rowspan="1">4886</td></tr><tr class="passedodd"><td rowspan="2">Framework.test.textBoxs_test</td><td><a href="#m14">textboxs_test_fourth</a></td><td rowspan="1">1711504544417</td><td rowspan="1">205</td></tr><tr class="passedodd"><td><a href="#m15">textboxs_test_third</a></td><td rowspan="1">1711504542357</td><td rowspan="1">1989</td></tr><tr class="passedeven"><td rowspan="2">Framework.test.up_and_down_test</td><td><a href="#m16">up_and_down_test_fourth</a></td><td rowspan="1">1711504725881</td><td rowspan="1">77</td></tr><tr class="passedeven"><td><a href="#m17">up_and_down_test_third</a></td><td rowspan="1">1711504722246</td><td rowspan="1">3621</td></tr></tbody>
</table>
<h2>Extent Report Test</h2><h3 id="m0">Framework.test.Webtables_test#Webtables_test_fourth</h3><table class="result"><tr><th>Exception</th></tr><tr><td><div class="stacktrace">java.lang.AssertionError: expected [test department1] but found [test department]
	at org.testng.Assert.fail(Assert.java:111)
	at org.testng.Assert.failNotEquals(Assert.java:1578)
	at org.testng.Assert.assertEqualsImpl(Assert.java:150)
	at org.testng.Assert.assertEquals(Assert.java:132)
	at org.testng.Assert.assertEquals(Assert.java:656)
	at org.testng.Assert.assertEquals(Assert.java:666)
	at Framework.test.Webtables_test.Webtables_test_fourth(Webtables_test.java:51)
	at java.base/jdk.internal.reflect.NativeMethodAccessorImpl.invoke0(Native Method)
	at java.base/jdk.internal.reflect.NativeMethodAccessorImpl.invoke(NativeMethodAccessorImpl.java:77)
	at java.base/jdk.internal.reflect.DelegatingMethodAccessorImpl.invoke(DelegatingMethodAccessorImpl.java:43)
	at java.base/java.lang.reflect.Method.invoke(Method.java:568)
	at org.testng.internal.invokers.MethodInvocationHelper.invokeMethod(MethodInvocationHelper.java:139)
	at org.testng.internal.invokers.TestInvoker.invokeMethod(TestInvoker.java:664)
	at org.testng.internal.invokers.TestInvoker.invokeTestMethod(TestInvoker.java:227)
	at org.testng.internal.invokers.MethodRunner.runInSequence(MethodRunner.java:50)
	at org.testng.internal.invokers.TestInvoker$MethodInvocationAgent.invoke(TestInvoker.java:957)
	at org.testng.internal.invokers.TestInvoker.invokeTestMethods(TestInvoker.java:200)
	at org.testng.internal.invokers.TestMethodWorker.invokeTestMethods(TestMethodWorker.java:148)
	at org.testng.internal.invokers.TestMethodWorker.run(TestMethodWorker.java:128)
	at java.base/java.util.ArrayList.forEach(ArrayList.java:1511)
	at org.testng.TestRunner.privateRun(TestRunner.java:848)
	at org.testng.TestRunner.run(TestRunner.java:621)
	at org.testng.SuiteRunner.runTest(SuiteRunner.java:443)
	at org.testng.SuiteRunner.runSequentially(SuiteRunner.java:437)
	at org.testng.SuiteRunner.privateRun(SuiteRunner.java:397)
	at org.testng.SuiteRunner.run(SuiteRunner.java:336)
	at org.testng.SuiteRunnerWorker.runSuite(SuiteRunnerWorker.java:52)
	at org.testng.SuiteRunnerWorker.run(SuiteRunnerWorker.java:95)
	at org.testng.TestNG.runSuitesSequentially(TestNG.java:1280)
	at org.testng.TestNG.runSuitesLocally(TestNG.java:1200)
	at org.testng.TestNG.runSuites(TestNG.java:1114)
	at org.testng.TestNG.run(TestNG.java:1082)
	at org.testng.remote.AbstractRemoteTestNG.run(AbstractRemoteTestNG.java:115)
	at org.testng.remote.RemoteTestNG.initAndRun(RemoteTestNG.java:251)
	at org.testng.remote.RemoteTestNG.main(RemoteTestNG.java:77)
</div></td></tr></table><p class="totop"><a href="#summary">back to summary</a></p>
<h3 id="m1">Framework.test.Webtables_test#Webtables_test_sixth</h3><table class="result"><tr><th>Exception</th></tr><tr><td><div class="stacktrace">java.lang.AssertionError: expected [singh1] but found [singh]
	at org.testng.Assert.fail(Assert.java:111)
	at org.testng.Assert.failNotEquals(Assert.java:1578)
	at org.testng.Assert.assertEqualsImpl(Assert.java:150)
	at org.testng.Assert.assertEquals(Assert.java:132)
	at org.testng.Assert.assertEquals(Assert.java:656)
	at org.testng.Assert.assertEquals(Assert.java:666)
	at Framework.test.Webtables_test.Webtables_test_sixth(Webtables_test.java:80)
	at java.base/jdk.internal.reflect.NativeMethodAccessorImpl.invoke0(Native Method)
	at java.base/jdk.internal.reflect.NativeMethodAccessorImpl.invoke(NativeMethodAccessorImpl.java:77)
	at java.base/jdk.internal.reflect.DelegatingMethodAccessorImpl.invoke(DelegatingMethodAccessorImpl.java:43)
	at java.base/java.lang.reflect.Method.invoke(Method.java:568)
	at org.testng.internal.invokers.MethodInvocationHelper.invokeMethod(MethodInvocationHelper.java:139)
	at org.testng.internal.invokers.TestInvoker.invokeMethod(TestInvoker.java:664)
	at org.testng.internal.invokers.TestInvoker.invokeTestMethod(TestInvoker.java:227)
	at org.testng.internal.invokers.MethodRunner.runInSequence(MethodRunner.java:50)
	at org.testng.internal.invokers.TestInvoker$MethodInvocationAgent.invoke(TestInvoker.java:957)
	at org.testng.internal.invokers.TestInvoker.invokeTestMethods(TestInvoker.java:200)
	at org.testng.internal.invokers.TestMethodWorker.invokeTestMethods(TestMethodWorker.java:148)
	at org.testng.internal.invokers.TestMethodWorker.run(TestMethodWorker.java:128)
	at java.base/java.util.ArrayList.forEach(ArrayList.java:1511)
	at org.testng.TestRunner.privateRun(TestRunner.java:848)
	at org.testng.TestRunner.run(TestRunner.java:621)
	at org.testng.SuiteRunner.runTest(SuiteRunner.java:443)
	at org.testng.SuiteRunner.runSequentially(SuiteRunner.java:437)
	at org.testng.SuiteRunner.privateRun(SuiteRunner.java:397)
	at org.testng.SuiteRunner.run(SuiteRunner.java:336)
	at org.testng.SuiteRunnerWorker.runSuite(SuiteRunnerWorker.java:52)
	at org.testng.SuiteRunnerWorker.run(SuiteRunnerWorker.java:95)
	at org.testng.TestNG.runSuitesSequentially(TestNG.java:1280)
	at org.testng.TestNG.runSuitesLocally(TestNG.java:1200)
	at org.testng.TestNG.runSuites(TestNG.java:1114)
	at org.testng.TestNG.run(TestNG.java:1082)
	at org.testng.remote.AbstractRemoteTestNG.run(AbstractRemoteTestNG.java:115)
	at org.testng.remote.RemoteTestNG.initAndRun(RemoteTestNG.java:251)
	at org.testng.remote.RemoteTestNG.main(RemoteTestNG.java:77)
</div></td></tr></table><p class="totop"><a href="#summary">back to summary</a></p>
<h3 id="m2">Framework.test.Webtables_test#Webtables_test_fifth</h3><table class="result"><tr><th class="invisible"/></tr></table><p class="totop"><a href="#summary">back to summary</a></p>
<h3 id="m3">Framework.test.Webtables_test#Webtables_test_seventh</h3><table class="result"><tr><th class="invisible"/></tr></table><p class="totop"><a href="#summary">back to summary</a></p>
<h3 id="m4">Framework.test.Webtables_test#Webtables_test_third</h3><table class="result"><tr><th class="invisible"/></tr></table><p class="totop"><a href="#summary">back to summary</a></p>
<h3 id="m5">Framework.test.butt_test#butt_test_fifth</h3><table class="result"><tr><th class="invisible"/></tr></table><p class="totop"><a href="#summary">back to summary</a></p>
<h3 id="m6">Framework.test.butt_test#butt_test_fourth</h3><table class="result"><tr><th class="invisible"/></tr></table><p class="totop"><a href="#summary">back to summary</a></p>
<h3 id="m7">Framework.test.butt_test#butt_test_third</h3><table class="result"><tr><th class="invisible"/></tr></table><p class="totop"><a href="#summary">back to summary</a></p>
<h3 id="m8">Framework.test.checkBoxs_test#checkbox_test_third</h3><table class="result"><tr><th class="invisible"/></tr></table><p class="totop"><a href="#summary">back to summary</a></p>
<h3 id="m9">Framework.test.practice_form_test#practice_form_test_third</h3><table class="result"><tr><th class="invisible"/></tr></table><p class="totop"><a href="#summary">back to summary</a></p>
<h3 id="m10">Framework.test.radio_butt_test#radio_butt_test_fifth</h3><table class="result"><tr><th class="invisible"/></tr></table><p class="totop"><a href="#summary">back to summary</a></p>
<h3 id="m11">Framework.test.radio_butt_test#radio_butt_test_fourth</h3><table class="result"><tr><th class="invisible"/></tr></table><p class="totop"><a href="#summary">back to summary</a></p>
<h3 id="m12">Framework.test.radio_butt_test#radio_butt_test_six</h3><table class="result"><tr><th class="invisible"/></tr></table><p class="totop"><a href="#summary">back to summary</a></p>
<h3 id="m13">Framework.test.radio_butt_test#radio_butt_test_third</h3><table class="result"><tr><th class="invisible"/></tr></table><p class="totop"><a href="#summary">back to summary</a></p>
<h3 id="m14">Framework.test.textBoxs_test#textboxs_test_fourth</h3><table class="result"><tr><th class="invisible"/></tr></table><p class="totop"><a href="#summary">back to summary</a></p>
<h3 id="m15">Framework.test.textBoxs_test#textboxs_test_third</h3><table class="result"><tr><th class="invisible"/></tr></table><p class="totop"><a href="#summary">back to summary</a></p>
<h3 id="m16">Framework.test.up_and_down_test#up_and_down_test_fourth</h3><table class="result"><tr><th class="invisible"/></tr></table><p class="totop"><a href="#summary">back to summary</a></p>
<h3 id="m17">Framework.test.up_and_down_test#up_and_down_test_third</h3><table class="result"><tr><th class="invisible"/></tr></table><p class="totop"><a href="#summary">back to summary</a></p>
</body>
</html>
